{"/Users/setunarayan/Desktop/Demo/src/components/Header.js": {"path":"/Users/setunarayan/Desktop/Demo/src/components/Header.js","statementMap":{"0":{"start":{"line":8,"column":15},"end":{"line":40,"column":3}},"1":{"start":{"line":10,"column":33},"end":{"line":10,"column":55}},"2":{"start":{"line":12,"column":19},"end":{"line":12,"column":42}},"3":{"start":{"line":14,"column":22},"end":{"line":14,"column":62}},"4":{"start":{"line":14,"column":45},"end":{"line":14,"column":61}},"5":{"start":{"line":17,"column":4},"end":{"line":39,"column":6}}},"fnMap":{"0":{"name":"(anonymous_0)","decl":{"start":{"line":8,"column":15},"end":{"line":8,"column":16}},"loc":{"start":{"line":8,"column":21},"end":{"line":40,"column":3}},"line":8},"1":{"name":"(anonymous_1)","decl":{"start":{"line":14,"column":34},"end":{"line":14,"column":35}},"loc":{"start":{"line":14,"column":45},"end":{"line":14,"column":61}},"line":14}},"branchMap":{},"s":{"0":1,"1":1,"2":1,"3":1,"4":1,"5":1},"f":{"0":1,"1":1},"b":{},"_coverageSchema":"1a1c01bbd47fc00a2c39e90264f33305004495a9","hash":"7b353d884dc5f4db966f4714f1bc6a3118e045e2"}
,"/Users/setunarayan/Desktop/Demo/src/components/Title.js": {"path":"/Users/setunarayan/Desktop/Demo/src/components/Title.js","statementMap":{"0":{"start":{"line":1,"column":21},"end":{"line":10,"column":3}},"1":{"start":{"line":2,"column":4},"end":{"line":9,"column":8}}},"fnMap":{"0":{"name":"(anonymous_0)","decl":{"start":{"line":1,"column":21},"end":{"line":1,"column":22}},"loc":{"start":{"line":2,"column":4},"end":{"line":9,"column":8}},"line":2}},"branchMap":{},"s":{"0":1,"1":1},"f":{"0":1},"b":{},"_coverageSchema":"1a1c01bbd47fc00a2c39e90264f33305004495a9","hash":"97a94a74580cd7bff7a3aa95dc9963d69ea8e018"}
,"/Users/setunarayan/Desktop/Demo/src/components/UserContext.js": {"path":"/Users/setunarayan/Desktop/Demo/src/components/UserContext.js","statementMap":{"0":{"start":{"line":3,"column":20},"end":{"line":8,"column":2}}},"fnMap":{},"branchMap":{},"s":{"0":1},"f":{},"b":{},"_coverageSchema":"1a1c01bbd47fc00a2c39e90264f33305004495a9","hash":"b5e3da2b6e88bfb2f3ea6aa3f2aae092779ca0a4"}
,"/Users/setunarayan/Desktop/Demo/src/components/cartSlice.js": {"path":"/Users/setunarayan/Desktop/Demo/src/components/cartSlice.js","statementMap":{"0":{"start":{"line":4,"column":18},"end":{"line":20,"column":2}},"1":{"start":{"line":11,"column":12},"end":{"line":11,"column":45}},"2":{"start":{"line":14,"column":12},"end":{"line":14,"column":27}},"3":{"start":{"line":17,"column":12},"end":{"line":17,"column":27}},"4":{"start":{"line":22,"column":48},"end":{"line":22,"column":65}}},"fnMap":{"0":{"name":"(anonymous_0)","decl":{"start":{"line":10,"column":17},"end":{"line":10,"column":18}},"loc":{"start":{"line":10,"column":35},"end":{"line":12,"column":9}},"line":10},"1":{"name":"(anonymous_1)","decl":{"start":{"line":13,"column":20},"end":{"line":13,"column":21}},"loc":{"start":{"line":13,"column":38},"end":{"line":15,"column":9}},"line":13},"2":{"name":"(anonymous_2)","decl":{"start":{"line":16,"column":19},"end":{"line":16,"column":20}},"loc":{"start":{"line":16,"column":30},"end":{"line":18,"column":9}},"line":16}},"branchMap":{},"s":{"0":1,"1":0,"2":0,"3":0,"4":1},"f":{"0":0,"1":0,"2":0},"b":{},"_coverageSchema":"1a1c01bbd47fc00a2c39e90264f33305004495a9","hash":"873fbff9b71074570a01ce0167f018c5cbba4895"}
,"/Users/setunarayan/Desktop/Demo/src/components/store.js": {"path":"/Users/setunarayan/Desktop/Demo/src/components/store.js","statementMap":{"0":{"start":{"line":4,"column":14},"end":{"line":9,"column":2}}},"fnMap":{},"branchMap":{},"s":{"0":1},"f":{},"b":{},"_coverageSchema":"1a1c01bbd47fc00a2c39e90264f33305004495a9","hash":"a9dd39f6509959de3f1395576d6c45f636393fab"}
,"/Users/setunarayan/Desktop/Demo/src/components/sum.js": {"path":"/Users/setunarayan/Desktop/Demo/src/components/sum.js","statementMap":{"0":{"start":{"line":1,"column":19},"end":{"line":1,"column":31}},"1":{"start":{"line":1,"column":28},"end":{"line":1,"column":31}}},"fnMap":{"0":{"name":"(anonymous_0)","decl":{"start":{"line":1,"column":19},"end":{"line":1,"column":20}},"loc":{"start":{"line":1,"column":28},"end":{"line":1,"column":31}},"line":1}},"branchMap":{},"s":{"0":1,"1":1},"f":{"0":1},"b":{},"_coverageSchema":"1a1c01bbd47fc00a2c39e90264f33305004495a9","hash":"8700cd680cec1ab05a2c14f28937d03fe18d50b4"}
}
